20/03/2023:20:51:28 953 [Scientific_Calculator.java] [INFO] Scientific_Calculator [LOG] - 3.0
20/03/2023:20:51:28 960 [Scientific_Calculator.java] [INFO] Scientific_Calculator [RESULT - LOG] - 1.0986122886681098
20/03/2023:20:51:28 974 [Scientific_Calculator.java] [INFO] Scientific_Calculator [POWER] - 5.0, 2.0
20/03/2023:20:51:28 976 [Scientific_Calculator.java] [INFO] Scientific_Calculator [RESULT - POWER] - 25.0
20/03/2023:20:51:28 977 [Scientific_Calculator.java] [INFO] Scientific_Calculator [SQRT] - 4.0
20/03/2023:20:51:28 978 [Scientific_Calculator.java] [INFO] Scientific_Calculator [RESULT - SQRT] - 2.0
20/03/2023:20:51:28 979 [Scientific_Calculator.java] [INFO] Scientific_Calculator [FACTORIAL] - 0.0
20/03/2023:20:51:28 980 [Scientific_Calculator.java] [INFO] Scientific_Calculator [RESULT - FACTORIAL] - 1.0
20/03/2023:20:51:28 981 [Scientific_Calculator.java] [INFO] Scientific_Calculator [FACTORIAL] - 1.0
20/03/2023:20:51:28 982 [Scientific_Calculator.java] [INFO] Scientific_Calculator [RESULT - FACTORIAL] - 1.0
20/03/2023:20:51:28 982 [Scientific_Calculator.java] [INFO] Scientific_Calculator [FACTORIAL] - 2.0
20/03/2023:20:51:28 983 [Scientific_Calculator.java] [INFO] Scientific_Calculator [RESULT - FACTORIAL] - 2.0
20/03/2023:20:51:28 984 [Scientific_Calculator.java] [INFO] Scientific_Calculator [FACTORIAL] - 3.0
20/03/2023:20:51:28 985 [Scientific_Calculator.java] [INFO] Scientific_Calculator [RESULT - FACTORIAL] - 6.0
20/03/2023:20:51:28 985 [Scientific_Calculator.java] [INFO] Scientific_Calculator [FACTORIAL] - 4.0
20/03/2023:20:51:28 986 [Scientific_Calculator.java] [INFO] Scientific_Calculator [RESULT - FACTORIAL] - 24.0
20/03/2023:20:51:28 987 [Scientific_Calculator.java] [INFO] Scientific_Calculator [FACTORIAL] - 5.0
20/03/2023:20:51:28 987 [Scientific_Calculator.java] [INFO] Scientific_Calculator [RESULT - FACTORIAL] - 120.0
20/03/2023:21:52:00 618 [Scientific_Calculator.java] [INFO] Scientific_Calculator [SQRT] - 4.0
20/03/2023:21:52:00 625 [Scientific_Calculator.java] [INFO] Scientific_Calculator [RESULT - SQRT] - 2.0
20/03/2023:21:52:44 948 [Scientific_Calculator.java] [INFO] Scientific_Calculator [SQRT] - 4.0
20/03/2023:21:52:44 956 [Scientific_Calculator.java] [INFO] Scientific_Calculator [RESULT - SQRT] - 2.0
20/03/2023:21:52:44 972 [Scientific_Calculator.java] [ERROR] Scientific_Calculator [ERROR - SQRT] - square root function is given -ve number
20/03/2023:21:52:44 976 [Scientific_Calculator.java] [ERROR] Scientific_Calculator [ERROR - SQRT] - square root function is given -ve number
20/03/2023:21:52:44 989 [Scientific_Calculator.java] [INFO] Scientific_Calculator [POWER] - 2.0, -1.0
20/03/2023:21:52:44 990 [Scientific_Calculator.java] [INFO] Scientific_Calculator [RESULT - POWER] - 0.5
20/03/2023:21:52:44 995 [Scientific_Calculator.java] [INFO] Scientific_Calculator [LOG] - 3.0
20/03/2023:21:52:44 998 [Scientific_Calculator.java] [INFO] Scientific_Calculator [RESULT - LOG] - 1.0986122886681098
20/03/2023:21:52:45 002 [Scientific_Calculator.java] [ERROR] Scientific_Calculator [ERROR - LOG] - natural log function does not work with -ve number
20/03/2023:21:52:45 006 [Scientific_Calculator.java] [INFO] Scientific_Calculator [FACTORIAL] - 0.0
20/03/2023:21:52:45 007 [Scientific_Calculator.java] [INFO] Scientific_Calculator [RESULT - FACTORIAL] - 1.0
20/03/2023:21:52:45 008 [Scientific_Calculator.java] [INFO] Scientific_Calculator [FACTORIAL] - 1.0
20/03/2023:21:52:45 008 [Scientific_Calculator.java] [INFO] Scientific_Calculator [RESULT - FACTORIAL] - 1.0
20/03/2023:21:52:45 009 [Scientific_Calculator.java] [INFO] Scientific_Calculator [FACTORIAL] - 2.0
20/03/2023:21:52:45 010 [Scientific_Calculator.java] [INFO] Scientific_Calculator [RESULT - FACTORIAL] - 2.0
20/03/2023:21:52:45 011 [Scientific_Calculator.java] [INFO] Scientific_Calculator [FACTORIAL] - 3.0
20/03/2023:21:52:45 011 [Scientific_Calculator.java] [INFO] Scientific_Calculator [RESULT - FACTORIAL] - 6.0
20/03/2023:21:52:45 012 [Scientific_Calculator.java] [INFO] Scientific_Calculator [FACTORIAL] - 4.0
20/03/2023:21:52:45 013 [Scientific_Calculator.java] [INFO] Scientific_Calculator [RESULT - FACTORIAL] - 24.0
20/03/2023:21:52:45 014 [Scientific_Calculator.java] [INFO] Scientific_Calculator [FACTORIAL] - 5.0
20/03/2023:21:52:45 015 [Scientific_Calculator.java] [INFO] Scientific_Calculator [RESULT - FACTORIAL] - 120.0
20/03/2023:21:52:45 018 [Scientific_Calculator.java] [INFO] Scientific_Calculator [POWER] - 5.0, 2.0
20/03/2023:21:52:45 020 [Scientific_Calculator.java] [INFO] Scientific_Calculator [RESULT - POWER] - 25.0
20/03/2023:21:53:31 698 [Scientific_Calculator.java] [INFO] Scientific_Calculator [LOG] - 3.0
20/03/2023:21:53:31 705 [Scientific_Calculator.java] [INFO] Scientific_Calculator [RESULT - LOG] - 1.0986122886681098
20/03/2023:21:53:31 710 [Scientific_Calculator.java] [ERROR] Scientific_Calculator [ERROR - LOG] - natural log function does not work with -ve number
20/03/2023:21:53:31 718 [Scientific_Calculator.java] [INFO] Scientific_Calculator [POWER] - 5.0, 2.0
20/03/2023:21:53:31 718 [Scientific_Calculator.java] [INFO] Scientific_Calculator [RESULT - POWER] - 25.0
20/03/2023:21:53:31 719 [Scientific_Calculator.java] [INFO] Scientific_Calculator [POWER] - 2.0, -1.0
20/03/2023:21:53:31 720 [Scientific_Calculator.java] [INFO] Scientific_Calculator [RESULT - POWER] - 0.5
20/03/2023:21:53:31 721 [Scientific_Calculator.java] [INFO] Scientific_Calculator [SQRT] - 4.0
20/03/2023:21:53:31 721 [Scientific_Calculator.java] [INFO] Scientific_Calculator [RESULT - SQRT] - 2.0
20/03/2023:21:53:31 722 [Scientific_Calculator.java] [ERROR] Scientific_Calculator [ERROR - SQRT] - square root function is given -ve number
20/03/2023:21:53:31 723 [Scientific_Calculator.java] [INFO] Scientific_Calculator [FACTORIAL] - 0.0
20/03/2023:21:53:31 723 [Scientific_Calculator.java] [INFO] Scientific_Calculator [RESULT - FACTORIAL] - 1.0
20/03/2023:21:53:31 724 [Scientific_Calculator.java] [INFO] Scientific_Calculator [FACTORIAL] - 1.0
20/03/2023:21:53:31 724 [Scientific_Calculator.java] [INFO] Scientific_Calculator [RESULT - FACTORIAL] - 1.0
20/03/2023:21:53:31 725 [Scientific_Calculator.java] [INFO] Scientific_Calculator [FACTORIAL] - 2.0
20/03/2023:21:53:31 725 [Scientific_Calculator.java] [INFO] Scientific_Calculator [RESULT - FACTORIAL] - 2.0
20/03/2023:21:53:31 725 [Scientific_Calculator.java] [INFO] Scientific_Calculator [FACTORIAL] - 3.0
20/03/2023:21:53:31 726 [Scientific_Calculator.java] [INFO] Scientific_Calculator [RESULT - FACTORIAL] - 6.0
20/03/2023:21:53:31 726 [Scientific_Calculator.java] [INFO] Scientific_Calculator [FACTORIAL] - 4.0
20/03/2023:21:53:31 726 [Scientific_Calculator.java] [INFO] Scientific_Calculator [RESULT - FACTORIAL] - 24.0
20/03/2023:21:53:31 727 [Scientific_Calculator.java] [INFO] Scientific_Calculator [FACTORIAL] - 5.0
20/03/2023:21:53:31 727 [Scientific_Calculator.java] [INFO] Scientific_Calculator [RESULT - FACTORIAL] - 120.0
20/03/2023:21:53:31 728 [Scientific_Calculator.java] [ERROR] Scientific_Calculator [ERROR - SQRT] - square root function is given -ve number
